<?xml version="1.0" encoding="UTF-8"?>
<!-- Generated by org.testng.reporters.JUnitReportReporter -->
<testsuite hostname="DESKTOP-AMKNNRC" failures="0" tests="1" name="orangehrm.tests.EditEmployeeTest" time="45.458" errors="0" timestamp="2024-03-08T12:49:14 IST" skipped="0">
  <testcase classname="orangehrm.tests.EditEmployeeTest" name="testEditEmployee" time="45.458"/>
  <system-out/>
</testsuite> <!-- orangehrm.tests.EditEmployeeTest -->
