<?xml version="1.0" encoding="UTF-8"?>
<!-- Generated by org.testng.reporters.JUnitReportReporter -->
<testsuite hostname="DESKTOP-AMKNNRC" failures="0" tests="1" name="orangehrm.tests.AddEmployeeTest" time="35.739" errors="0" timestamp="2024-03-05T17:12:05 IST" skipped="0">
  <testcase classname="orangehrm.tests.AddEmployeeTest" name="testAddNewEmployee" time="35.739"/>
  <system-out/>
</testsuite> <!-- orangehrm.tests.AddEmployeeTest -->
