<?xml version="1.0" encoding="UTF-8"?>
<!-- Generated by org.testng.reporters.JUnitReportReporter -->
<testsuite hostname="DESKTOP-AMKNNRC" failures="0" tests="1" name="ormeducation.tests.addEducationTest" time="33.511" errors="0" timestamp="2024-03-14T18:01:22 IST" skipped="0">
  <testcase classname="ormeducation.tests.addEducationTest" name="testEducation" time="33.511"/>
</testsuite> <!-- ormeducation.tests.addEducationTest -->
