<?xml version="1.0" encoding="UTF-8"?>
<!-- Generated by org.testng.reporters.JUnitReportReporter -->
<testsuite hostname="DESKTOP-AMKNNRC" failures="0" tests="1" name="ormeducation.tests.deleteEducationTest" time="37.445" errors="0" timestamp="2024-03-14T16:56:45 IST" skipped="0">
  <testcase classname="ormeducation.tests.deleteEducationTest" name="testDeleteEducation" time="37.445"/>
</testsuite> <!-- ormeducation.tests.deleteEducationTest -->
