<?xml version="1.0" encoding="UTF-8"?>
<!-- Generated by org.testng.reporters.JUnitReportReporter -->
<testsuite hostname="DESKTOP-AMKNNRC" failures="0" tests="1" name="ormeducation.tests.addEducationTest" time="30.368" errors="0" timestamp="2024-03-18T16:57:03 IST" skipped="0">
  <testcase classname="ormeducation.tests.addEducationTest" name="testEducation" time="30.368"/>
</testsuite> <!-- ormeducation.tests.addEducationTest -->
