<?xml version="1.0" encoding="UTF-8"?>
<!-- Generated by org.testng.reporters.JUnitReportReporter -->
<testsuite hostname="DESKTOP-AMKNNRC" failures="0" tests="1" name="ormeducation.tests.deleteEducationTest" time="24.193" errors="0" timestamp="2024-03-18T17:10:14 IST" skipped="0">
  <testcase classname="ormeducation.tests.deleteEducationTest" name="testDeleteEducation" time="24.193"/>
</testsuite> <!-- ormeducation.tests.deleteEducationTest -->
