<?xml version="1.0" encoding="UTF-8"?>
<!-- Generated by org.testng.reporters.JUnitReportReporter -->
<testsuite hostname="DESKTOP-AMKNNRC" failures="0" tests="1" name="ormeducation.tests.editEducationTest" time="40.571" errors="0" timestamp="2024-03-18T17:06:39 IST" skipped="0">
  <testcase classname="ormeducation.tests.editEducationTest" name="testEditEducation" time="40.571"/>
</testsuite> <!-- ormeducation.tests.editEducationTest -->
