<?xml version="1.0" encoding="UTF-8"?>
<!-- Generated by org.testng.reporters.JUnitReportReporter -->
<testsuite hostname="DESKTOP-AMKNNRC" failures="0" tests="1" name="ormeducation.tests.addEducationTest" time="48.549" errors="0" timestamp="2024-03-19T10:54:20 IST" skipped="0">
  <testcase classname="ormeducation.tests.addEducationTest" name="testEducation" time="48.549"/>
</testsuite> <!-- ormeducation.tests.addEducationTest -->
